\BOOKMARK [1][-]{section.1}{\376\377\000D\000e\000s\000c\000r\000i\000p\000c\000i\000\363\000n\000\040\000d\000e\000l\000\040\000J\000u\000e\000g\000o\000\040\000H\000e\000x}{}% 1
\BOOKMARK [2][-]{subsection.1.1}{\376\377\000F\000u\000n\000d\000a\000m\000e\000n\000t\000a\000l\000e\000s\000\040\000y\000\040\000R\000e\000g\000l\000a\000s\000\040\000d\000e\000l\000\040\000J\000u\000e\000g\000o}{section.1}% 2
\BOOKMARK [2][-]{subsection.1.2}{\376\377\000P\000r\000o\000p\000i\000e\000d\000a\000d\000e\000s\000\040\000M\000a\000t\000e\000m\000\341\000t\000i\000c\000a\000s\000\040\000y\000\040\000C\000o\000m\000p\000l\000e\000j\000i\000d\000a\000d\000\040\000C\000o\000m\000p\000u\000t\000a\000c\000i\000o\000n\000a\000l}{section.1}% 3
\BOOKMARK [2][-]{subsection.1.3}{\376\377\000G\000e\000o\000m\000e\000t\000r\000\355\000a\000\040\000H\000e\000x\000a\000g\000o\000n\000a\000l\000\040\000y\000\040\000R\000e\000p\000r\000e\000s\000e\000n\000t\000a\000c\000i\000\363\000n\000\040\000d\000e\000l\000\040\000T\000a\000b\000l\000e\000r\000o}{section.1}% 4
\BOOKMARK [1][-]{section.2}{\376\377\000A\000l\000g\000o\000r\000i\000t\000m\000o\000s\000\040\000d\000e\000\040\000B\000\372\000s\000q\000u\000e\000d\000a}{}% 5
\BOOKMARK [2][-]{subsection.2.1}{\376\377\000M\000i\000n\000i\000m\000a\000x}{section.2}% 6
\BOOKMARK [3][-]{subsubsection.2.1.1}{\376\377\000D\000e\000s\000a\000r\000r\000o\000l\000l\000o\000\040\000H\000i\000s\000t\000\363\000r\000i\000c\000o}{subsection.2.1}% 7
\BOOKMARK [3][-]{subsubsection.2.1.2}{\376\377\000P\000r\000i\000n\000c\000i\000p\000i\000o\000s\000\040\000F\000u\000n\000d\000a\000m\000e\000n\000t\000a\000l\000e\000s}{subsection.2.1}% 8
\BOOKMARK [3][-]{subsubsection.2.1.3}{\376\377\000P\000o\000d\000a\000\040\000A\000l\000f\000a\000-\000B\000e\000t\000a}{subsection.2.1}% 9
\BOOKMARK [2][-]{subsection.2.2}{\376\377\000M\000o\000n\000t\000e\000\040\000C\000a\000r\000l\000o\000\040\000T\000r\000e\000e\000\040\000S\000e\000a\000r\000c\000h}{section.2}% 10
\BOOKMARK [3][-]{subsubsection.2.2.1}{\376\377\000C\000o\000n\000t\000e\000x\000t\000o\000\040\000H\000i\000s\000t\000\363\000r\000i\000c\000o\000\040\000y\000\040\000M\000o\000t\000i\000v\000a\000c\000i\000\363\000n}{subsection.2.2}% 11
\BOOKMARK [3][-]{subsubsection.2.2.2}{\376\377\000P\000r\000i\000n\000c\000i\000p\000i\000o\000s\000\040\000F\000u\000n\000d\000a\000m\000e\000n\000t\000a\000l\000e\000s}{subsection.2.2}% 12
\BOOKMARK [3][-]{subsubsection.2.2.3}{\376\377\000F\000\363\000r\000m\000u\000l\000a\000\040\000U\000C\000T\000\040\000y\000\040\000B\000a\000l\000a\000n\000c\000e\000\040\000E\000x\000p\000l\000o\000r\000a\000c\000i\000\363\000n\000-\000E\000x\000p\000l\000o\000t\000a\000c\000i\000\363\000n}{subsection.2.2}% 13
\BOOKMARK [1][-]{section.3}{\376\377\000I\000m\000p\000l\000e\000m\000e\000n\000t\000a\000c\000i\000\363\000n\000\040\000y\000\040\000E\000s\000t\000r\000a\000t\000e\000g\000i\000a\000s\000\040\000E\000x\000p\000e\000r\000i\000m\000e\000n\000t\000a\000l\000e\000s}{}% 14
\BOOKMARK [2][-]{subsection.3.1}{\376\377\000B\000a\000s\000i\000c\000M\000C\000T\000S\000P\000l\000a\000y\000e\000r\000:\000\040\000M\000C\000T\000S\000\040\000C\000o\000n\000v\000e\000n\000c\000i\000o\000n\000a\000l}{section.3}% 15
\BOOKMARK [2][-]{subsection.3.2}{\376\377\000R\000e\000c\000y\000c\000l\000e\000r\000M\000C\000T\000S\000P\000l\000a\000y\000e\000r\000:\000\040\000M\000C\000T\000S\000\040\000c\000o\000n\000\040\000R\000e\000c\000i\000c\000l\000a\000j\000e\000\040\000d\000e\000\040\000\301\000r\000b\000o\000l}{section.3}% 16
\BOOKMARK [2][-]{subsection.3.3}{\376\377\000R\000A\000V\000E\000M\000C\000T\000S\000P\000l\000a\000y\000e\000r\000:\000\040\000M\000C\000T\000S\000\040\000c\000o\000n\000\040\000E\000v\000a\000l\000u\000a\000c\000i\000\363\000n\000\040\000R\000\341\000p\000i\000d\000a\000\040\000d\000e\000\040\000A\000c\000c\000i\000o\000n\000e\000s}{section.3}% 17
\BOOKMARK [2][-]{subsection.3.4}{\376\377\000P\000r\000o\000g\000r\000e\000s\000s\000i\000v\000e\000M\000C\000T\000S\000P\000l\000a\000y\000e\000r\000:\000\040\000M\000C\000T\000S\000\040\000c\000o\000n\000\040\000E\000s\000t\000r\000a\000t\000e\000g\000i\000a\000s\000\040\000P\000r\000o\000g\000r\000e\000s\000i\000v\000a\000s\000\040\000A\000d\000a\000p\000t\000a\000t\000i\000v\000a\000s}{section.3}% 18
\BOOKMARK [2][-]{subsection.3.5}{\376\377\000P\000a\000r\000a\000l\000l\000e\000l\000i\000z\000e\000d\000M\000C\000T\000S\000P\000l\000a\000y\000e\000r\000:\000\040\000M\000C\000T\000S\000\040\000P\000a\000r\000a\000l\000e\000l\000i\000z\000a\000d\000o\000\040\000c\000o\000n\000\040\000S\000i\000n\000c\000r\000o\000n\000i\000z\000a\000c\000i\000\363\000n\000\040\000O\000r\000d\000e\000n\000a\000d\000a}{section.3}% 19
\BOOKMARK [2][-]{subsection.3.6}{\376\377\000R\000e\000d\000u\000c\000e\000d\000B\000o\000a\000r\000d\000M\000C\000T\000S\000P\000l\000a\000y\000e\000r\000:\000\040\000M\000C\000T\000S\000\040\000c\000o\000n\000\040\000T\000a\000b\000l\000e\000r\000o\000s\000\040\000R\000e\000d\000u\000c\000i\000d\000o\000s\000\040\000m\000e\000d\000i\000a\000n\000t\000e\000\040\000F\000i\000l\000l\000i\000n}{section.3}% 20
\BOOKMARK [2][-]{subsection.3.7}{\376\377\000N\000o\000o\000b\000e\000x\000:\000\040\000J\000u\000g\000a\000d\000o\000r\000\040\000F\000i\000n\000a\000l}{section.3}% 21
\BOOKMARK [1][-]{section.4}{\376\377\000A\000n\000\341\000l\000i\000s\000i\000s\000\040\000d\000e\000l\000\040\000J\000u\000g\000a\000d\000o\000r\000\040\000F\000i\000n\000a\000l\000\040\000N\000o\000o\000b\000e\000x}{}% 22
\BOOKMARK [2][-]{subsection.4.1}{\376\377\000D\000e\000s\000c\000r\000i\000p\000c\000i\000\363\000n\000\040\000d\000e\000\040\000S\000m\000a\000r\000t\000P\000l\000a\000y\000e\000r}{section.4}% 23
\BOOKMARK [2][-]{subsection.4.2}{\376\377\000V\000e\000n\000t\000a\000j\000a\000s}{section.4}% 24
\BOOKMARK [2][-]{subsection.4.3}{\376\377\000L\000i\000m\000i\000t\000a\000c\000i\000o\000n\000e\000s}{section.4}% 25
\BOOKMARK [2][-]{subsection.4.4}{\376\377\000R\000e\000c\000o\000m\000e\000n\000d\000a\000c\000i\000\363\000n\000\040\000d\000e\000\040\000U\000s\000o}{section.4}% 26
\BOOKMARK [1][-]{section.5}{\376\377\000R\000e\000s\000u\000l\000t\000a\000d\000o\000s\000\040\000E\000x\000p\000e\000r\000i\000m\000e\000n\000t\000a\000l\000e\000s}{}% 27
\BOOKMARK [1][-]{section.6}{\376\377\000I\000n\000v\000e\000s\000t\000i\000g\000a\000c\000i\000\363\000n\000\040\000F\000u\000t\000u\000r\000a}{}% 28
\BOOKMARK [1][-]{section.7}{\376\377\000C\000o\000n\000c\000l\000u\000s\000i\000o\000n\000e\000s}{}% 29
